TRAPP: active site residues from contact_residues_ref_analysis.dat will be used
======================Flexibility analysis : RUN_method=RIPLIG
TRAPP: Warning - this piece of the trajectory is empty; file -  ./trj_equil_supLEU1_part1.pdbs
TRAPP: new active site: [51, 52, 54, 55, 58, 93, 96, 97, 98, 106, 107, 108, 138, 184, 186]
TRAPP: Warning - this piece of the trajectory is empty; file -  ./trj_equil_supLEU2_part1.pdbs
TRAPP: new active site: [51, 52, 54, 55, 58, 93, 96, 97, 98, 106, 107, 108, 138, 184, 186]
TRAPP: Warning - this piece of the trajectory is empty; file -  ./trj_equil_supLEU3_part1.pdbs
TRAPP: new active site: [51, 52, 54, 55, 58, 93, 96, 97, 98, 106, 107, 108, 138, 184, 186]
TRAPP: Warning - this piece of the trajectory is empty; file -  ./trj_equil_supLEU0_part1.pdbs
TRAPP: new active site: [51, 52, 54, 55, 58, 93, 96, 97, 98, 106, 107, 108, 138, 184, 186]
TRAPP: Warning- file found: /scratch/mcm/trapp/jobs/pocket_1f2cd40d-8da8-4e03-b579-e495771b7375/RIPLIG-OUT/trj_equil_supLEU0-bb-t.pdb
TRAPP: Warning- file found: /scratch/mcm/trapp/jobs/pocket_1f2cd40d-8da8-4e03-b579-e495771b7375/RIPLIG-OUT/trj_equil_supLEU1-bb-t.pdb
TRAPP: Warning- file found: /scratch/mcm/trapp/jobs/pocket_1f2cd40d-8da8-4e03-b579-e495771b7375/RIPLIG-OUT/trj_equil_supLEU2-bb-t.pdb
TRAPP: Warning- file found: /scratch/mcm/trapp/jobs/pocket_1f2cd40d-8da8-4e03-b579-e495771b7375/RIPLIG-OUT/trj_equil_supLEU3-bb-t.pdb
TRAPP : ===============  NOW CLUSTERING STARTS ===================
Hierarchical Clustering starts; threshold = 3.0
TRAPP: Clusters found  2

TRAPP: CLUSTER REPRESENTATIVEs for each simulation method: 
(files can be found in the trapp-analysis output directory; the first snapshot is number 1 (not 0 !))

TRAPP: NUMBER of different clusters to be used for k-mean clustering is 1
TRAPP:  JOB DONE !   
TRAPP:  RUN TIME   2.36356590192 min
