PSFGEN 1.6 from NAMD 2.9 for Linux-x86_64-multicore
psfgen) reading topology file /share/apps/mcm/trapp4/trapptool/auxi/rip-script-NAMD/pdbtool/parms/charmm27.topology

psfgen) >>>>>>>>CHARMM22 All-Hydrogen Topology File for Proteins <<<<<<<
psfgen) >>>>>>>>>>>>>>>>>>>> and Nucleic Acids <<<<<<<<<<<<<<<<<<<<<<<<<
psfgen) >>>>> Includes phi, psi cross term map (CMAP) correction <<<<<<<
psfgen) >>>>>>>>>>>>>>>>>>>>>>   July, 2004    <<<<<<<<<<<<<<<<<<<<<<<<<<
psfgen)  All comments to ADM jr. via the CHARMM web site: www.charmm.org
psfgen)                parameter set discussion forum
psfgen) 
psfgen) Created by CHARMM version 31 1
psfgen) cross-term entries present in topology definitions
psfgen) aliasing residue HIS to HSE
psfgen) aliasing residue ILE atom CD1 to CD
psfgen) aliasing residue CYX to CYS
psfgen) building segment CH0
psfgen) reading residues from pdb file /scratch/mcm/trapp/jobs/pocket_505edb66-961a-471b-9951-1c9dc164f951/RIPLIG-OUT/RIPLIG3_LEU3/sim.ch0.pdb
psfgen) extracted 208 residues from pdb file
psfgen) Info: generating structure...psfgen) Info: skipping improper N-C-CA-HN at beginning of segment.
psfgen) Info: skipping cross-term C-N-CA-C-N-CA-C-N at beginning of segment.
psfgen) Info: skipping conformation C-N-CA-C at beginning of segment.
psfgen) Info: skipping conformation C-CA-N-HN at beginning of segment.
psfgen) Info: skipping bond C-N at end of segment.
psfgen) Info: skipping improper C-CA-N-O at end of segment.
psfgen) Info: skipping cross-term C-N-CA-C-N-CA-C-N at end of segment.
psfgen) Info: skipping conformation CA-C-N-CA at end of segment.
psfgen) Info: skipping conformation N-CA-C-O at end of segment.
psfgen) Info: skipping conformation N-CA-C-N at end of segment.
segment complete.
psfgen) reading coordinates from pdb file /scratch/mcm/trapp/jobs/pocket_505edb66-961a-471b-9951-1c9dc164f951/RIPLIG-OUT/RIPLIG3_LEU3/sim.ch0.pdb for segment ch0
psfgen) building segment CH1
psfgen) reading residues from pdb file /scratch/mcm/trapp/jobs/pocket_505edb66-961a-471b-9951-1c9dc164f951/RIPLIG-OUT/RIPLIG3_LEU3/sim.ch1.pdb
psfgen) extracted 1 residues from pdb file
psfgen) Info: generating structure...psfgen) Info: skipping bond C-N at beginning of segment.
psfgen) Info: skipping improper C-CA-N-O at beginning of segment.
psfgen) Info: skipping improper N-C-CA-HN at beginning of segment.
psfgen) Info: skipping cross-term C-N-CA-C-N-CA-C-N at beginning of segment.
psfgen) Info: skipping conformation CA-C-N-CA at beginning of segment.
psfgen) Info: skipping conformation N-CA-C-O at beginning of segment.
psfgen) Info: skipping conformation N-CA-C-N at beginning of segment.
psfgen) Info: skipping conformation C-N-CA-C at beginning of segment.
psfgen) Info: skipping conformation C-CA-N-HN at beginning of segment.
segment complete.
psfgen) reading coordinates from pdb file /scratch/mcm/trapp/jobs/pocket_505edb66-961a-471b-9951-1c9dc164f951/RIPLIG-OUT/RIPLIG3_LEU3/sim.ch1.pdb for segment ch1
psfgen) Warning: failed to set coordinate for atom O	 LEU:209	  CH1
psfgen) Warning: failed to set coordinate for atom H	 LEU:209	  CH1
psfgen) Warning: failed to set coordinate for atom 3HB	 LEU:209	  CH1
psfgen) Warning: failed to set coordinate for atom H01	 LEU:209	  CH1
psfgen) Warning: failed to set coordinate for atom H02	 LEU:209	  CH1
psfgen) Info: guessing coordinates for 1644 atoms (2 non-hydrogen)
psfgen) Warning: poorly guessed coordinates for 11 atoms (2 non-hydrogen):
psfgen) Warning: poorly guessed coordinate for atom HT1	 HSE:1	  CH0
psfgen) Warning: poorly guessed coordinate for atom HT2	 HSE:1	  CH0
psfgen) Warning: poorly guessed coordinate for atom HT3	 HSE:1	  CH0
psfgen) Warning: poorly guessed coordinate for atom HG2	 PRO:52	  CH0
psfgen) Warning: poorly guessed coordinate for atom HG2	 PRO:164	  CH0
psfgen) Warning: poorly guessed coordinate for atom OT1	 LEU:209	  CH1
psfgen) Warning: poorly guessed coordinate for atom OT2	 LEU:209	  CH1
psfgen) Warning: poorly guessed coordinate for atom HT1	 LEU:209	  CH1
psfgen) Warning: poorly guessed coordinate for atom HT2	 LEU:209	  CH1
psfgen) Warning: poorly guessed coordinate for atom HT3	 LEU:209	  CH1
psfgen) Warning: poorly guessed coordinate for atom HB1	 LEU:209	  CH1
psfgen) Info: writing pdb file /scratch/mcm/trapp/jobs/pocket_505edb66-961a-471b-9951-1c9dc164f951/RIPLIG-OUT/RIPLIG3_LEU3/sim.pdb
psfgen) Info: Atoms with guessed coordinates will have occupancy of 0.0.
psfgen) Info: pdb file complete.
psfgen) Info: writing psf file /scratch/mcm/trapp/jobs/pocket_505edb66-961a-471b-9951-1c9dc164f951/RIPLIG-OUT/RIPLIG3_LEU3/sim.psf
psfgen) total of 3298 atoms
psfgen) total of 3324 bonds
psfgen) total of 6014 angles
psfgen) total of 8769 dihedrals
psfgen) total of 546 impropers
psfgen) total of 206 cross-terms
psfgen) Info: psf file complete.
CH0:1 
CH0:208 
CH1:209 
CH1:209 
